[0819/173043:ERROR:process_info.cc(608)] range at 0xc56929bc00000000, size 0x23b fully unreadable
[0819/173043:ERROR:process_info.cc(608)] range at 0xc56929dc00000000, size 0x23b fully unreadable
[0819/173043:ERROR:process_info.cc(608)] range at 0x0, size 0x23b fully unreadable
[0819/173043:ERROR:process_reader_win.cc(114)] NtOpenThread: {Access Denied} A process has requested access to an object, but has not been granted those access rights.  (0xc0000022)
[0819/173043:ERROR:exception_snapshot_win.cc(88)] thread ID 9524 not found in process
[0819/173043:WARNING:crash_report_exception_handler.cc(60)] ProcessSnapshotWin::InitializeException failed
[0822/113135:ERROR:process_info.cc(608)] range at 0xd171292000000000, size 0x1f3 fully unreadable
[0822/113135:ERROR:process_info.cc(608)] range at 0xd171294000000000, size 0x1f3 fully unreadable
[0822/113135:ERROR:process_info.cc(608)] range at 0x0, size 0x1f3 fully unreadable
[0822/113135:ERROR:process_reader_win.cc(114)] NtOpenThread: {Access Denied} A process has requested access to an object, but has not been granted those access rights.  (0xc0000022)
[0822/113135:ERROR:exception_snapshot_win.cc(88)] thread ID 11468 not found in process
[0822/113135:WARNING:crash_report_exception_handler.cc(60)] ProcessSnapshotWin::InitializeException failed
[0822/113136:ERROR:process_info.cc(608)] range at 0x9d13292000000000, size 0x20a fully unreadable
[0822/113136:ERROR:process_info.cc(608)] range at 0x9d13294000000000, size 0x20a fully unreadable
[0822/113136:ERROR:process_info.cc(608)] range at 0x0, size 0x20a fully unreadable
[0822/113136:ERROR:process_reader_win.cc(114)] NtOpenThread: {Access Denied} A process has requested access to an object, but has not been granted those access rights.  (0xc0000022)
[0822/113136:ERROR:exception_snapshot_win.cc(88)] thread ID 5648 not found in process
[0822/113136:WARNING:crash_report_exception_handler.cc(60)] ProcessSnapshotWin::InitializeException failed
[0831/115528:ERROR:process_info.cc(608)] range at 0xe027299000000000, size 0x20d fully unreadable
[0831/115528:ERROR:process_info.cc(608)] range at 0xe02729b000000000, size 0x20d fully unreadable
[0831/115528:ERROR:process_info.cc(608)] range at 0x0, size 0x20d fully unreadable
[0831/115528:ERROR:process_reader_win.cc(114)] NtOpenThread: {Access Denied} A process has requested access to an object, but has not been granted those access rights.  (0xc0000022)
[0831/115528:ERROR:exception_snapshot_win.cc(88)] thread ID 2392 not found in process
[0831/115528:WARNING:crash_report_exception_handler.cc(60)] ProcessSnapshotWin::InitializeException failed
[0902/173250:ERROR:process_info.cc(608)] range at 0x8d012a4400000000, size 0x1e9 fully unreadable
[0902/173250:ERROR:process_info.cc(608)] range at 0x8d012a6400000000, size 0x1e9 fully unreadable
[0902/173250:ERROR:process_info.cc(608)] range at 0x0, size 0x1e9 fully unreadable
[0902/173250:ERROR:process_reader_win.cc(114)] NtOpenThread: {Access Denied} A process has requested access to an object, but has not been granted those access rights.  (0xc0000022)
[0902/173250:ERROR:exception_snapshot_win.cc(88)] thread ID 9544 not found in process
[0902/173250:WARNING:crash_report_exception_handler.cc(60)] ProcessSnapshotWin::InitializeException failed
[0905/151329:ERROR:process_info.cc(608)] range at 0x5de02a4400000000, size 0x206 fully unreadable
[0905/151329:ERROR:process_info.cc(608)] range at 0x5de02a6400000000, size 0x206 fully unreadable
[0905/151329:ERROR:process_info.cc(608)] range at 0x0, size 0x206 fully unreadable
[0905/151329:ERROR:process_reader_win.cc(114)] NtOpenThread: {Access Denied} A process has requested access to an object, but has not been granted those access rights.  (0xc0000022)
[0905/151329:ERROR:exception_snapshot_win.cc(88)] thread ID 13732 not found in process
[0905/151329:WARNING:crash_report_exception_handler.cc(60)] ProcessSnapshotWin::InitializeException failed
[0905/153211:ERROR:process_info.cc(608)] range at 0xed682a4400000000, size 0x266 fully unreadable
[0905/153211:ERROR:process_info.cc(608)] range at 0xed682a6400000000, size 0x266 fully unreadable
[0905/153211:ERROR:process_info.cc(608)] range at 0x0, size 0x266 fully unreadable
[0905/153211:ERROR:process_reader_win.cc(114)] NtOpenThread: {Access Denied} A process has requested access to an object, but has not been granted those access rights.  (0xc0000022)
[0905/153211:ERROR:exception_snapshot_win.cc(88)] thread ID 6296 not found in process
[0905/153211:WARNING:crash_report_exception_handler.cc(60)] ProcessSnapshotWin::InitializeException failed
[0905/153334:ERROR:process_info.cc(608)] range at 0x8db3299e00000000, size 0x15d fully unreadable
[0905/153334:ERROR:process_info.cc(608)] range at 0x8db329be00000000, size 0x15d fully unreadable
[0905/153334:ERROR:process_info.cc(608)] range at 0x0, size 0x15d fully unreadable
[0905/153334:ERROR:process_reader_win.cc(114)] NtOpenThread: {Access Denied} A process has requested access to an object, but has not been granted those access rights.  (0xc0000022)
[0905/153334:ERROR:exception_snapshot_win.cc(88)] thread ID 16504 not found in process
[0905/153334:WARNING:crash_report_exception_handler.cc(60)] ProcessSnapshotWin::InitializeException failed
[0905/153850:ERROR:process_info.cc(608)] range at 0x8a329a200000000, size 0x1a1 fully unreadable
[0905/153850:ERROR:process_info.cc(608)] range at 0x8a329c200000000, size 0x1a1 fully unreadable
[0905/153850:ERROR:process_info.cc(608)] range at 0x0, size 0x1a1 fully unreadable
[0905/153850:ERROR:process_reader_win.cc(114)] NtOpenThread: {Access Denied} A process has requested access to an object, but has not been granted those access rights.  (0xc0000022)
[0905/153850:ERROR:exception_snapshot_win.cc(88)] thread ID 8688 not found in process
[0905/153850:WARNING:crash_report_exception_handler.cc(60)] ProcessSnapshotWin::InitializeException failed
[0905/154220:ERROR:process_info.cc(608)] range at 0x79bf2a4000000000, size 0x280 fully unreadable
[0905/154220:ERROR:process_info.cc(608)] range at 0x79bf2a6000000000, size 0x280 fully unreadable
[0905/154220:ERROR:process_info.cc(608)] range at 0x0, size 0x280 fully unreadable
[0905/154220:ERROR:process_reader_win.cc(114)] NtOpenThread: {Access Denied} A process has requested access to an object, but has not been granted those access rights.  (0xc0000022)
[0905/154220:ERROR:exception_snapshot_win.cc(88)] thread ID 12824 not found in process
[0905/154220:WARNING:crash_report_exception_handler.cc(60)] ProcessSnapshotWin::InitializeException failed
[0905/154857:ERROR:process_info.cc(608)] range at 0x397629a400000000, size 0x24d fully unreadable
[0905/154857:ERROR:process_info.cc(608)] range at 0x397629c400000000, size 0x24d fully unreadable
[0905/154857:ERROR:process_info.cc(608)] range at 0x0, size 0x24d fully unreadable
[0905/154857:ERROR:process_reader_win.cc(114)] NtOpenThread: {Access Denied} A process has requested access to an object, but has not been granted those access rights.  (0xc0000022)
[0905/154857:ERROR:exception_snapshot_win.cc(88)] thread ID 11936 not found in process
[0905/154857:WARNING:crash_report_exception_handler.cc(60)] ProcessSnapshotWin::InitializeException failed
[0905/190015:ERROR:process_info.cc(608)] range at 0x77072a4400000000, size 0x273 fully unreadable
[0905/190015:ERROR:process_info.cc(608)] range at 0x77072a6400000000, size 0x273 fully unreadable
[0905/190015:ERROR:process_info.cc(608)] range at 0x0, size 0x273 fully unreadable
[0905/190015:ERROR:process_reader_win.cc(114)] NtOpenThread: {Access Denied} A process has requested access to an object, but has not been granted those access rights.  (0xc0000022)
[0905/190015:ERROR:exception_snapshot_win.cc(88)] thread ID 10884 not found in process
[0905/190015:WARNING:crash_report_exception_handler.cc(60)] ProcessSnapshotWin::InitializeException failed
[0905/191445:ERROR:process_info.cc(608)] range at 0xb7a5299e00000000, size 0x15b fully unreadable
[0905/191445:ERROR:process_info.cc(608)] range at 0xb7a529be00000000, size 0x15b fully unreadable
[0905/191445:ERROR:process_info.cc(608)] range at 0x0, size 0x15b fully unreadable
[0905/191445:ERROR:process_reader_win.cc(114)] NtOpenThread: {Access Denied} A process has requested access to an object, but has not been granted those access rights.  (0xc0000022)
[0905/191445:ERROR:exception_snapshot_win.cc(88)] thread ID 5780 not found in process
[0905/191445:WARNING:crash_report_exception_handler.cc(60)] ProcessSnapshotWin::InitializeException failed
[0922/162901:ERROR:process_reader_win.cc(114)] NtOpenThread: {Access Denied} A process has requested access to an object, but has not been granted those access rights.  (0xc0000022)
[0922/162901:ERROR:exception_snapshot_win.cc(87)] thread ID 16656 not found in process
[0922/162901:WARNING:crash_report_exception_handler.cc(56)] ProcessSnapshotWin::Initialize failed
[0922/174640:ERROR:process_reader_win.cc(114)] NtOpenThread: {Access Denied} A process has requested access to an object, but has not been granted those access rights.  (0xc0000022)
[0922/174640:ERROR:exception_snapshot_win.cc(87)] thread ID 6112 not found in process
[0922/174640:WARNING:crash_report_exception_handler.cc(56)] ProcessSnapshotWin::Initialize failed
[1220/123951:ERROR:process_reader_win.cc(114)] NtOpenThread: {Access Denied} A process has requested access to an object, but has not been granted those access rights.  (0xc0000022)
[1220/123951:ERROR:exception_snapshot_win.cc(87)] thread ID 15676 not found in process
[1220/123951:WARNING:crash_report_exception_handler.cc(61)] ProcessSnapshotWin::Initialize failed
[1220/183551:ERROR:process_reader_win.cc(114)] NtOpenThread: {Access Denied} A process has requested access to an object, but has not been granted those access rights.  (0xc0000022)
[1220/183551:ERROR:exception_snapshot_win.cc(87)] thread ID 19004 not found in process
[1220/183551:WARNING:crash_report_exception_handler.cc(61)] ProcessSnapshotWin::Initialize failed
[1220/183851:ERROR:process_reader_win.cc(114)] NtOpenThread: {Access Denied} A process has requested access to an object, but has not been granted those access rights.  (0xc0000022)
[1220/183851:ERROR:exception_snapshot_win.cc(87)] thread ID 13928 not found in process
[1220/183851:WARNING:crash_report_exception_handler.cc(61)] ProcessSnapshotWin::Initialize failed
[1221/105841:ERROR:process_reader_win.cc(114)] NtOpenThread: {Access Denied} A process has requested access to an object, but has not been granted those access rights.  (0xc0000022)
[1221/105841:ERROR:exception_snapshot_win.cc(87)] thread ID 564 not found in process
[1221/105841:WARNING:crash_report_exception_handler.cc(61)] ProcessSnapshotWin::Initialize failed
[1222/161637:ERROR:process_reader_win.cc(114)] NtOpenThread: {Access Denied} A process has requested access to an object, but has not been granted those access rights.  (0xc0000022)
[1222/161637:ERROR:exception_snapshot_win.cc(87)] thread ID 6676 not found in process
[1222/161637:WARNING:crash_report_exception_handler.cc(61)] ProcessSnapshotWin::Initialize failed
[1222/161802:ERROR:process_reader_win.cc(114)] NtOpenThread: {Access Denied} A process has requested access to an object, but has not been granted those access rights.  (0xc0000022)
[1222/161802:ERROR:exception_snapshot_win.cc(87)] thread ID 17036 not found in process
[1222/161802:WARNING:crash_report_exception_handler.cc(61)] ProcessSnapshotWin::Initialize failed
[1228/185626:ERROR:process_reader_win.cc(114)] NtOpenThread: {Access Denied} A process has requested access to an object, but has not been granted those access rights.  (0xc0000022)
[1228/185626:ERROR:exception_snapshot_win.cc(87)] thread ID 13440 not found in process
[1228/185626:WARNING:crash_report_exception_handler.cc(61)] ProcessSnapshotWin::Initialize failed
[1228/190046:ERROR:process_reader_win.cc(114)] NtOpenThread: {Access Denied} A process has requested access to an object, but has not been granted those access rights.  (0xc0000022)
[1228/190046:ERROR:exception_snapshot_win.cc(87)] thread ID 9212 not found in process
[1228/190046:WARNING:crash_report_exception_handler.cc(61)] ProcessSnapshotWin::Initialize failed
[1228/190227:ERROR:process_reader_win.cc(114)] NtOpenThread: {Access Denied} A process has requested access to an object, but has not been granted those access rights.  (0xc0000022)
[1228/190227:ERROR:exception_snapshot_win.cc(87)] thread ID 5860 not found in process
[1228/190227:WARNING:crash_report_exception_handler.cc(61)] ProcessSnapshotWin::Initialize failed
[1228/190450:ERROR:process_reader_win.cc(114)] NtOpenThread: {Access Denied} A process has requested access to an object, but has not been granted those access rights.  (0xc0000022)
[1228/190450:ERROR:exception_snapshot_win.cc(87)] thread ID 21380 not found in process
[1228/190450:WARNING:crash_report_exception_handler.cc(61)] ProcessSnapshotWin::Initialize failed
[1228/192641:ERROR:process_reader_win.cc(114)] NtOpenThread: {Access Denied} A process has requested access to an object, but has not been granted those access rights.  (0xc0000022)
[1228/192641:ERROR:exception_snapshot_win.cc(87)] thread ID 20804 not found in process
[1228/192641:WARNING:crash_report_exception_handler.cc(61)] ProcessSnapshotWin::Initialize failed
[1228/193044:ERROR:process_reader_win.cc(114)] NtOpenThread: {Access Denied} A process has requested access to an object, but has not been granted those access rights.  (0xc0000022)
[1228/193044:ERROR:exception_snapshot_win.cc(87)] thread ID 14116 not found in process
[1228/193044:WARNING:crash_report_exception_handler.cc(61)] ProcessSnapshotWin::Initialize failed
[1228/193214:ERROR:process_reader_win.cc(114)] NtOpenThread: {Access Denied} A process has requested access to an object, but has not been granted those access rights.  (0xc0000022)
[1228/193214:ERROR:exception_snapshot_win.cc(87)] thread ID 11916 not found in process
[1228/193214:WARNING:crash_report_exception_handler.cc(61)] ProcessSnapshotWin::Initialize failed
[1228/193310:ERROR:process_reader_win.cc(114)] NtOpenThread: {Access Denied} A process has requested access to an object, but has not been granted those access rights.  (0xc0000022)
[1228/193310:ERROR:exception_snapshot_win.cc(87)] thread ID 8344 not found in process
[1228/193310:WARNING:crash_report_exception_handler.cc(61)] ProcessSnapshotWin::Initialize failed
[1229/103331:ERROR:process_reader_win.cc(114)] NtOpenThread: {Access Denied} A process has requested access to an object, but has not been granted those access rights.  (0xc0000022)
[1229/103331:ERROR:exception_snapshot_win.cc(87)] thread ID 22100 not found in process
[1229/103331:WARNING:crash_report_exception_handler.cc(61)] ProcessSnapshotWin::Initialize failed
[1229/110003:ERROR:process_reader_win.cc(114)] NtOpenThread: {Access Denied} A process has requested access to an object, but has not been granted those access rights.  (0xc0000022)
[1229/110003:ERROR:exception_snapshot_win.cc(87)] thread ID 21660 not found in process
[1229/110003:WARNING:crash_report_exception_handler.cc(61)] ProcessSnapshotWin::Initialize failed
[1229/110051:ERROR:process_reader_win.cc(114)] NtOpenThread: {Access Denied} A process has requested access to an object, but has not been granted those access rights.  (0xc0000022)
[1229/110051:ERROR:exception_snapshot_win.cc(87)] thread ID 24272 not found in process
[1229/110051:WARNING:crash_report_exception_handler.cc(61)] ProcessSnapshotWin::Initialize failed
[1229/111115:ERROR:process_reader_win.cc(114)] NtOpenThread: {Access Denied} A process has requested access to an object, but has not been granted those access rights.  (0xc0000022)
[1229/111115:ERROR:exception_snapshot_win.cc(87)] thread ID 15620 not found in process
[1229/111115:WARNING:crash_report_exception_handler.cc(61)] ProcessSnapshotWin::Initialize failed
[1229/111212:ERROR:process_reader_win.cc(114)] NtOpenThread: {Access Denied} A process has requested access to an object, but has not been granted those access rights.  (0xc0000022)
[1229/111212:ERROR:exception_snapshot_win.cc(87)] thread ID 23220 not found in process
[1229/111212:WARNING:crash_report_exception_handler.cc(61)] ProcessSnapshotWin::Initialize failed
[1229/112945:ERROR:process_reader_win.cc(114)] NtOpenThread: {Access Denied} A process has requested access to an object, but has not been granted those access rights.  (0xc0000022)
[1229/112945:ERROR:exception_snapshot_win.cc(87)] thread ID 19092 not found in process
[1229/112945:WARNING:crash_report_exception_handler.cc(61)] ProcessSnapshotWin::Initialize failed
[1229/112946:ERROR:process_reader_win.cc(114)] NtOpenThread: {Access Denied} A process has requested access to an object, but has not been granted those access rights.  (0xc0000022)
[1229/112946:ERROR:exception_snapshot_win.cc(87)] thread ID 5404 not found in process
[1229/112946:WARNING:crash_report_exception_handler.cc(61)] ProcessSnapshotWin::Initialize failed
[1229/112947:ERROR:process_reader_win.cc(114)] NtOpenThread: {Access Denied} A process has requested access to an object, but has not been granted those access rights.  (0xc0000022)
[1229/112947:ERROR:exception_snapshot_win.cc(87)] thread ID 3348 not found in process
[1229/112947:WARNING:crash_report_exception_handler.cc(61)] ProcessSnapshotWin::Initialize failed
[1229/113029:ERROR:process_reader_win.cc(114)] NtOpenThread: {Access Denied} A process has requested access to an object, but has not been granted those access rights.  (0xc0000022)
[1229/113029:ERROR:exception_snapshot_win.cc(87)] thread ID 9192 not found in process
[1229/113029:WARNING:crash_report_exception_handler.cc(61)] ProcessSnapshotWin::Initialize failed
[1229/113638:ERROR:process_reader_win.cc(114)] NtOpenThread: {Access Denied} A process has requested access to an object, but has not been granted those access rights.  (0xc0000022)
[1229/113638:ERROR:exception_snapshot_win.cc(87)] thread ID 4320 not found in process
[1229/113638:WARNING:crash_report_exception_handler.cc(61)] ProcessSnapshotWin::Initialize failed
[1229/113656:ERROR:process_reader_win.cc(114)] NtOpenThread: {Access Denied} A process has requested access to an object, but has not been granted those access rights.  (0xc0000022)
[1229/113656:ERROR:exception_snapshot_win.cc(87)] thread ID 23656 not found in process
[1229/113656:WARNING:crash_report_exception_handler.cc(61)] ProcessSnapshotWin::Initialize failed
[1229/113737:ERROR:process_reader_win.cc(114)] NtOpenThread: {Access Denied} A process has requested access to an object, but has not been granted those access rights.  (0xc0000022)
[1229/113737:ERROR:exception_snapshot_win.cc(87)] thread ID 25588 not found in process
[1229/113737:WARNING:crash_report_exception_handler.cc(61)] ProcessSnapshotWin::Initialize failed
[1229/113810:ERROR:process_reader_win.cc(114)] NtOpenThread: {Access Denied} A process has requested access to an object, but has not been granted those access rights.  (0xc0000022)
[1229/113810:ERROR:exception_snapshot_win.cc(87)] thread ID 13880 not found in process
[1229/113810:WARNING:crash_report_exception_handler.cc(61)] ProcessSnapshotWin::Initialize failed
[1229/114041:ERROR:process_reader_win.cc(114)] NtOpenThread: {Access Denied} A process has requested access to an object, but has not been granted those access rights.  (0xc0000022)
[1229/114041:ERROR:exception_snapshot_win.cc(87)] thread ID 9352 not found in process
[1229/114041:WARNING:crash_report_exception_handler.cc(61)] ProcessSnapshotWin::Initialize failed
[1229/114254:ERROR:process_reader_win.cc(114)] NtOpenThread: {Access Denied} A process has requested access to an object, but has not been granted those access rights.  (0xc0000022)
[1229/114254:ERROR:exception_snapshot_win.cc(87)] thread ID 3372 not found in process
[1229/114254:WARNING:crash_report_exception_handler.cc(61)] ProcessSnapshotWin::Initialize failed
[1229/121902:ERROR:process_reader_win.cc(114)] NtOpenThread: {Access Denied} A process has requested access to an object, but has not been granted those access rights.  (0xc0000022)
[1229/121902:ERROR:exception_snapshot_win.cc(87)] thread ID 15564 not found in process
[1229/121902:WARNING:crash_report_exception_handler.cc(61)] ProcessSnapshotWin::Initialize failed
